This is pdfTeX, Version 3.141592653-2.6-1.40.27 (TeX Live 2025) (preloaded format=pdflatex 2025.8.30)  22 OCT 2025 14:42
entering extended mode
 restricted \write18 enabled.
 file:line:error style messages enabled.
 %&-line parsing enabled.
**paper.tex
(./paper.tex
LaTeX2e <2024-11-01> patch level 2
L3 programming layer <2025-01-18>
(c:/texlive/2025/texmf-dist/tex/latex/ieeetran/IEEEtran.cls
Document Class: IEEEtran 2015/08/26 V1.8b by Michael Shell
-- See the "IEEEtran_HOWTO" manual for usage information.
-- http://www.michaelshell.org/tex/ieeetran/
\@IEEEtrantmpdimenA=\dimen141
\@IEEEtrantmpdimenB=\dimen142
\@IEEEtrantmpdimenC=\dimen143
\@IEEEtrantmpcountA=\count196
\@IEEEtrantmpcountB=\count197
\@IEEEtrantmpcountC=\count198
\@IEEEtrantmptoksA=\toks17
LaTeX Font Info:    Trying to load font information for OT1+ptm on input line 5
03.
(c:/texlive/2025/texmf-dist/tex/latex/psnfss/ot1ptm.fd
File: ot1ptm.fd 2001/06/04 font definitions for OT1/ptm.
)
-- Using 8.5in x 11in (letter) paper.
-- Using PDF output.
\@IEEEnormalsizeunitybaselineskip=\dimen144
-- This is a 10 point document.
\CLASSINFOnormalsizebaselineskip=\dimen145
\CLASSINFOnormalsizeunitybaselineskip=\dimen146
\IEEEnormaljot=\dimen147
LaTeX Font Info:    Font shape `OT1/ptm/bx/n' in size <5> not available
(Font)              Font shape `OT1/ptm/b/n' tried instead on input line 1090.
LaTeX Font Info:    Font shape `OT1/ptm/bx/it' in size <5> not available
(Font)              Font shape `OT1/ptm/b/it' tried instead on input line 1090.

LaTeX Font Info:    Font shape `OT1/ptm/bx/n' in size <7> not available
(Font)              Font shape `OT1/ptm/b/n' tried instead on input line 1090.
LaTeX Font Info:    Font shape `OT1/ptm/bx/it' in size <7> not available
(Font)              Font shape `OT1/ptm/b/it' tried instead on input line 1090.

LaTeX Font Info:    Font shape `OT1/ptm/bx/n' in size <8> not available
(Font)              Font shape `OT1/ptm/b/n' tried instead on input line 1090.
LaTeX Font Info:    Font shape `OT1/ptm/bx/it' in size <8> not available
(Font)              Font shape `OT1/ptm/b/it' tried instead on input line 1090.

LaTeX Font Info:    Font shape `OT1/ptm/bx/n' in size <9> not available
(Font)              Font shape `OT1/ptm/b/n' tried instead on input line 1090.
LaTeX Font Info:    Font shape `OT1/ptm/bx/it' in size <9> not available
(Font)              Font shape `OT1/ptm/b/it' tried instead on input line 1090.

LaTeX Font Info:    Font shape `OT1/ptm/bx/n' in size <10> not available
(Font)              Font shape `OT1/ptm/b/n' tried instead on input line 1090.
LaTeX Font Info:    Font shape `OT1/ptm/bx/it' in size <10> not available
(Font)              Font shape `OT1/ptm/b/it' tried instead on input line 1090.

LaTeX Font Info:    Font shape `OT1/ptm/bx/n' in size <11> not available
(Font)              Font shape `OT1/ptm/b/n' tried instead on input line 1090.
LaTeX Font Info:    Font shape `OT1/ptm/bx/it' in size <11> not available
(Font)              Font shape `OT1/ptm/b/it' tried instead on input line 1090.

LaTeX Font Info:    Font shape `OT1/ptm/bx/n' in size <12> not available
(Font)              Font shape `OT1/ptm/b/n' tried instead on input line 1090.
LaTeX Font Info:    Font shape `OT1/ptm/bx/it' in size <12> not available
(Font)              Font shape `OT1/ptm/b/it' tried instead on input line 1090.

LaTeX Font Info:    Font shape `OT1/ptm/bx/n' in size <17> not available
(Font)              Font shape `OT1/ptm/b/n' tried instead on input line 1090.
LaTeX Font Info:    Font shape `OT1/ptm/bx/it' in size <17> not available
(Font)              Font shape `OT1/ptm/b/it' tried instead on input line 1090.

LaTeX Font Info:    Font shape `OT1/ptm/bx/n' in size <20> not available
(Font)              Font shape `OT1/ptm/b/n' tried instead on input line 1090.
LaTeX Font Info:    Font shape `OT1/ptm/bx/it' in size <20> not available
(Font)              Font shape `OT1/ptm/b/it' tried instead on input line 1090.

LaTeX Font Info:    Font shape `OT1/ptm/bx/n' in size <24> not available
(Font)              Font shape `OT1/ptm/b/n' tried instead on input line 1090.
LaTeX Font Info:    Font shape `OT1/ptm/bx/it' in size <24> not available
(Font)              Font shape `OT1/ptm/b/it' tried instead on input line 1090.

\IEEEquantizedlength=\dimen148
\IEEEquantizedlengthdiff=\dimen149
\IEEEquantizedtextheightdiff=\dimen150
\IEEEilabelindentA=\dimen151
\IEEEilabelindentB=\dimen152
\IEEEilabelindent=\dimen153
\IEEEelabelindent=\dimen154
\IEEEdlabelindent=\dimen155
\IEEElabelindent=\dimen156
\IEEEiednormlabelsep=\dimen157
\IEEEiedmathlabelsep=\dimen158
\IEEEiedtopsep=\skip49
\c@section=\count199
\c@subsection=\count266
\c@subsubsection=\count267
\c@paragraph=\count268
\c@IEEEsubequation=\count269
\abovecaptionskip=\skip50
\belowcaptionskip=\skip51
\c@figure=\count270
\c@table=\count271
\@IEEEeqnnumcols=\count272
\@IEEEeqncolcnt=\count273
\@IEEEsubeqnnumrollback=\count274
\@IEEEquantizeheightA=\dimen159
\@IEEEquantizeheightB=\dimen160
\@IEEEquantizeheightC=\dimen161
\@IEEEquantizeprevdepth=\dimen162
\@IEEEquantizemultiple=\count275
\@IEEEquantizeboxA=\box52
\@IEEEtmpitemindent=\dimen163
\IEEEPARstartletwidth=\dimen164
\c@IEEEbiography=\count276
\@IEEEtranrubishbin=\box53
) (c:/texlive/2025/texmf-dist/tex/latex/amsmath/amsmath.sty
Package: amsmath 2024/11/05 v2.17t AMS math features
\@mathmargin=\skip52

For additional information on amsmath, use the `?' option.
(c:/texlive/2025/texmf-dist/tex/latex/amsmath/amstext.sty
Package: amstext 2021/08/26 v2.01 AMS text

(c:/texlive/2025/texmf-dist/tex/latex/amsmath/amsgen.sty
File: amsgen.sty 1999/11/30 v2.0 generic functions
\@emptytoks=\toks18
\ex@=\dimen165
))
(c:/texlive/2025/texmf-dist/tex/latex/amsmath/amsbsy.sty
Package: amsbsy 1999/11/29 v1.2d Bold Symbols
\pmbraise@=\dimen166
)
(c:/texlive/2025/texmf-dist/tex/latex/amsmath/amsopn.sty
Package: amsopn 2022/04/08 v2.04 operator names
)
\inf@bad=\count277
LaTeX Info: Redefining \frac on input line 233.
\uproot@=\count278
\leftroot@=\count279
LaTeX Info: Redefining \overline on input line 398.
LaTeX Info: Redefining \colon on input line 409.
\classnum@=\count280
\DOTSCASE@=\count281
LaTeX Info: Redefining \ldots on input line 495.
LaTeX Info: Redefining \dots on input line 498.
LaTeX Info: Redefining \cdots on input line 619.
\Mathstrutbox@=\box54
\strutbox@=\box55
LaTeX Info: Redefining \big on input line 721.
LaTeX Info: Redefining \Big on input line 722.
LaTeX Info: Redefining \bigg on input line 723.
LaTeX Info: Redefining \Bigg on input line 724.
\big@size=\dimen167
LaTeX Font Info:    Redeclaring font encoding OML on input line 742.
LaTeX Font Info:    Redeclaring font encoding OMS on input line 743.
\macc@depth=\count282
LaTeX Info: Redefining \bmod on input line 904.
LaTeX Info: Redefining \pmod on input line 909.
LaTeX Info: Redefining \smash on input line 939.
LaTeX Info: Redefining \relbar on input line 969.
LaTeX Info: Redefining \Relbar on input line 970.
\c@MaxMatrixCols=\count283
\dotsspace@=\muskip17
\c@parentequation=\count284
\dspbrk@lvl=\count285
\tag@help=\toks19
\row@=\count286
\column@=\count287
\maxfields@=\count288
\andhelp@=\toks20
\eqnshift@=\dimen168
\alignsep@=\dimen169
\tagshift@=\dimen170
\tagwidth@=\dimen171
\totwidth@=\dimen172
\lineht@=\dimen173
\@envbody=\toks21
\multlinegap=\skip53
\multlinetaggap=\skip54
\mathdisplay@stack=\toks22
LaTeX Info: Redefining \[ on input line 2953.
LaTeX Info: Redefining \] on input line 2954.
)
(c:/texlive/2025/texmf-dist/tex/latex/amsfonts/amsfonts.sty
Package: amsfonts 2013/01/14 v3.01 Basic AMSFonts support
\symAMSa=\mathgroup4
\symAMSb=\mathgroup5
LaTeX Font Info:    Redeclaring math symbol \hbar on input line 98.
LaTeX Font Info:    Overwriting math alphabet `\mathfrak' in version `bold'
(Font)                  U/euf/m/n --> U/euf/b/n on input line 106.
)
(c:/texlive/2025/texmf-dist/tex/latex/tools/array.sty
Package: array 2024/10/17 v2.6g Tabular extension package (FMi)
\col@sep=\dimen174
\ar@mcellbox=\box56
\extrarowheight=\dimen175
\NC@list=\toks23
\extratabsurround=\skip55
\backup@length=\skip56
\ar@cellbox=\box57
)
(c:/texlive/2025/texmf-dist/tex/latex/subfig/subfig.sty
Package: subfig 2005/06/28 ver: 1.3 subfig package

(c:/texlive/2025/texmf-dist/tex/latex/graphics/keyval.sty
Package: keyval 2022/05/29 v1.15 key=value parser (DPC)
\KV@toks@=\toks24
)
(c:/texlive/2025/texmf-dist/tex/latex/caption/caption3.sty
Package: caption3 2023/07/31 v2.4d caption3 kernel (AR)
\caption@tempdima=\dimen176
\captionmargin=\dimen177
\caption@leftmargin=\dimen178
\caption@rightmargin=\dimen179
\caption@width=\dimen180
\caption@indent=\dimen181
\caption@parindent=\dimen182
\caption@hangindent=\dimen183
Package caption Info: Unknown document class (or package),
(caption)             standard defaults will be used.
Package caption Info: \@makecaption = \long macro:#1#2->\ifx \@captype \@IEEEta
blestring \footnotesize \bgroup \par \centering \@IEEEtabletopskipstrut {\norma
lfont \footnotesize #1}\\{\normalfont \footnotesize \scshape #2}\par \addvspace
 {0.5\baselineskip }\egroup \@IEEEtablecaptionsepspace \else \@IEEEfigurecaptio
nsepspace \setbox \@tempboxa \hbox {\normalfont \footnotesize {#1.}\nobreakspac
e \nobreakspace #2}\ifdim \wd \@tempboxa >\hsize \setbox \@tempboxa \hbox {\nor
malfont \footnotesize {#1.}\nobreakspace \nobreakspace }\parbox [t]{\hsize }{\n
ormalfont \footnotesize \noindent \unhbox \@tempboxa #2}\else \ifCLASSOPTIONcon
ference \hbox to\hsize {\normalfont \footnotesize \hfil \box \@tempboxa \hfil }
\else \hbox to\hsize {\normalfont \footnotesize \box \@tempboxa \hfil }\fi \fi 
\fi  on input line 1175.
)
\c@KVtest=\count289
\sf@farskip=\skip57
\sf@captopadj=\dimen184
\sf@capskip=\skip58
\sf@nearskip=\skip59
\c@subfigure=\count290
\c@subfigure@save=\count291
\c@lofdepth=\count292
\c@subtable=\count293
\c@subtable@save=\count294
\c@lotdepth=\count295
\sf@top=\skip60
\sf@bottom=\skip61
)
(c:/texlive/2025/texmf-dist/tex/latex/base/textcomp.sty
Package: textcomp 2024/04/24 v2.1b Standard LaTeX package
)
(c:/texlive/2025/texmf-dist/tex/latex/sttools/stfloats.sty
Package: stfloats 2017/03/27 v3.3 Improve float mechanism and baselineskip sett
ings
\@dblbotnum=\count296
\c@dblbotnumber=\count297
)
(c:/texlive/2025/texmf-dist/tex/latex/url/url.sty
\Urlmuskip=\muskip18
Package: url 2013/09/16  ver 3.4  Verb mode for urls, etc.
)
(c:/texlive/2025/texmf-dist/tex/latex/tools/verbatim.sty
Package: verbatim 2024-01-22 v1.5x LaTeX2e package for verbatim enhancements
\every@verbatim=\toks25
\verbatim@line=\toks26
\verbatim@in@stream=\read2
)
(c:/texlive/2025/texmf-dist/tex/latex/graphics/graphicx.sty
Package: graphicx 2021/09/16 v1.2d Enhanced LaTeX Graphics (DPC,SPQR)

(c:/texlive/2025/texmf-dist/tex/latex/graphics/graphics.sty
Package: graphics 2024/08/06 v1.4g Standard LaTeX Graphics (DPC,SPQR)

(c:/texlive/2025/texmf-dist/tex/latex/graphics/trig.sty
Package: trig 2023/12/02 v1.11 sin cos tan (DPC)
)
(c:/texlive/2025/texmf-dist/tex/latex/graphics-cfg/graphics.cfg
File: graphics.cfg 2016/06/04 v1.11 sample graphics configuration
)
Package graphics Info: Driver file: pdftex.def on input line 106.

(c:/texlive/2025/texmf-dist/tex/latex/graphics-def/pdftex.def
File: pdftex.def 2024/04/13 v1.2c Graphics/color driver for pdftex
))
\Gin@req@height=\dimen185
\Gin@req@width=\dimen186
)
(c:/texlive/2025/texmf-dist/tex/latex/cite/cite.sty
LaTeX Info: Redefining \cite on input line 302.
LaTeX Info: Redefining \nocite on input line 332.
Package: cite 2015/02/27  v 5.5
)
(c:/texlive/2025/texmf-dist/tex/latex/hyperref/hyperref.sty
Package: hyperref 2024-11-05 v7.01l Hypertext links for LaTeX

(c:/texlive/2025/texmf-dist/tex/generic/iftex/iftex.sty
Package: iftex 2024/12/12 v1.0g TeX engine tests
)
(c:/texlive/2025/texmf-dist/tex/latex/kvsetkeys/kvsetkeys.sty
Package: kvsetkeys 2022-10-05 v1.19 Key value parser (HO)
)
(c:/texlive/2025/texmf-dist/tex/generic/kvdefinekeys/kvdefinekeys.sty
Package: kvdefinekeys 2019-12-19 v1.6 Define keys (HO)
)
(c:/texlive/2025/texmf-dist/tex/generic/pdfescape/pdfescape.sty
Package: pdfescape 2019/12/09 v1.15 Implements pdfTeX's escape features (HO)

(c:/texlive/2025/texmf-dist/tex/generic/ltxcmds/ltxcmds.sty
Package: ltxcmds 2023-12-04 v1.26 LaTeX kernel commands for general use (HO)
)
(c:/texlive/2025/texmf-dist/tex/generic/pdftexcmds/pdftexcmds.sty
Package: pdftexcmds 2020-06-27 v0.33 Utility functions of pdfTeX for LuaTeX (HO
)

(c:/texlive/2025/texmf-dist/tex/generic/infwarerr/infwarerr.sty
Package: infwarerr 2019/12/03 v1.5 Providing info/warning/error messages (HO)
)
Package pdftexcmds Info: \pdf@primitive is available.
Package pdftexcmds Info: \pdf@ifprimitive is available.
Package pdftexcmds Info: \pdfdraftmode found.
))
(c:/texlive/2025/texmf-dist/tex/latex/hycolor/hycolor.sty
Package: hycolor 2020-01-27 v1.10 Color options for hyperref/bookmark (HO)
)
(c:/texlive/2025/texmf-dist/tex/latex/hyperref/nameref.sty
Package: nameref 2023-11-26 v2.56 Cross-referencing by name of section

(c:/texlive/2025/texmf-dist/tex/latex/refcount/refcount.sty
Package: refcount 2019/12/15 v3.6 Data extraction from label references (HO)
)
(c:/texlive/2025/texmf-dist/tex/generic/gettitlestring/gettitlestring.sty
Package: gettitlestring 2019/12/15 v1.6 Cleanup title references (HO)

(c:/texlive/2025/texmf-dist/tex/latex/kvoptions/kvoptions.sty
Package: kvoptions 2022-06-15 v3.15 Key value format for package options (HO)
))
\c@section@level=\count298
)
(c:/texlive/2025/texmf-dist/tex/latex/etoolbox/etoolbox.sty
Package: etoolbox 2025/02/11 v2.5l e-TeX tools for LaTeX (JAW)
\etb@tempcnta=\count299
)
(c:/texlive/2025/texmf-dist/tex/generic/stringenc/stringenc.sty
Package: stringenc 2019/11/29 v1.12 Convert strings between diff. encodings (HO
)
)
\@linkdim=\dimen187
\Hy@linkcounter=\count300
\Hy@pagecounter=\count301

(c:/texlive/2025/texmf-dist/tex/latex/hyperref/pd1enc.def
File: pd1enc.def 2024-11-05 v7.01l Hyperref: PDFDocEncoding definition (HO)
Now handling font encoding PD1 ...
... no UTF-8 mapping file for font encoding PD1
)
(c:/texlive/2025/texmf-dist/tex/generic/intcalc/intcalc.sty
Package: intcalc 2019/12/15 v1.3 Expandable calculations with integers (HO)
)
\Hy@SavedSpaceFactor=\count302

(c:/texlive/2025/texmf-dist/tex/latex/hyperref/puenc.def
File: puenc.def 2024-11-05 v7.01l Hyperref: PDF Unicode definition (HO)
Now handling font encoding PU ...
... no UTF-8 mapping file for font encoding PU
)
Package hyperref Info: Hyper figures OFF on input line 4157.
Package hyperref Info: Link nesting OFF on input line 4162.
Package hyperref Info: Hyper index ON on input line 4165.
Package hyperref Info: Plain pages OFF on input line 4172.
Package hyperref Info: Backreferencing OFF on input line 4177.
Package hyperref Info: Implicit mode ON; LaTeX internals redefined.
Package hyperref Info: Bookmarks ON on input line 4424.
\c@Hy@tempcnt=\count303
LaTeX Info: Redefining \url on input line 4763.
\XeTeXLinkMargin=\dimen188

(c:/texlive/2025/texmf-dist/tex/generic/bitset/bitset.sty
Package: bitset 2019/12/09 v1.3 Handle bit-vector datatype (HO)

(c:/texlive/2025/texmf-dist/tex/generic/bigintcalc/bigintcalc.sty
Package: bigintcalc 2019/12/15 v1.5 Expandable calculations on big integers (HO
)
))
\Fld@menulength=\count304
\Field@Width=\dimen189
\Fld@charsize=\dimen190
Package hyperref Info: Hyper figures OFF on input line 6042.
Package hyperref Info: Link nesting OFF on input line 6047.
Package hyperref Info: Hyper index ON on input line 6050.
Package hyperref Info: backreferencing OFF on input line 6057.
Package hyperref Info: Link coloring OFF on input line 6062.
Package hyperref Info: Link coloring with OCG OFF on input line 6067.
Package hyperref Info: PDF/A mode OFF on input line 6072.

(c:/texlive/2025/texmf-dist/tex/latex/base/atbegshi-ltx.sty
Package: atbegshi-ltx 2021/01/10 v1.0c Emulation of the original atbegshi
package with kernel methods
)
\Hy@abspage=\count305
\c@Item=\count306
\c@Hfootnote=\count307
)
Package hyperref Info: Driver (autodetected): hpdftex.

(c:/texlive/2025/texmf-dist/tex/latex/hyperref/hpdftex.def
File: hpdftex.def 2024-11-05 v7.01l Hyperref driver for pdfTeX

(c:/texlive/2025/texmf-dist/tex/latex/base/atveryend-ltx.sty
Package: atveryend-ltx 2020/08/19 v1.0a Emulation of the original atveryend pac
kage
with kernel methods
)
\Fld@listcount=\count308
\c@bookmark@seq@number=\count309

(c:/texlive/2025/texmf-dist/tex/latex/rerunfilecheck/rerunfilecheck.sty
Package: rerunfilecheck 2022-07-10 v1.10 Rerun checks for auxiliary files (HO)

(c:/texlive/2025/texmf-dist/tex/generic/uniquecounter/uniquecounter.sty
Package: uniquecounter 2019/12/15 v1.4 Provide unlimited unique counter (HO)
)
Package uniquecounter Info: New unique counter `rerunfilecheck' on input line 2
85.
)
\Hy@SectionHShift=\skip62
)
Package hyperref Info: Option `colorlinks' set `true' on input line 17.

(c:/texlive/2025/texmf-dist/tex/latex/tools/tabularx.sty
Package: tabularx 2023/12/11 v2.12a `tabularx' package (DPC)
\TX@col@width=\dimen191
\TX@old@table=\dimen192
\TX@old@col=\dimen193
\TX@target=\dimen194
\TX@delta=\dimen195
\TX@cols=\count310
\TX@ftn=\toks27
)
(c:/texlive/2025/texmf-dist/tex/latex/threeparttable/threeparttable.sty
Package: threeparttable 2003/06/13  v 3.0
\@tempboxb=\box58
)
(c:/texlive/2025/texmf-dist/tex/latex/booktabs/booktabs.sty
Package: booktabs 2020/01/12 v1.61803398 Publication quality tables
\heavyrulewidth=\dimen196
\lightrulewidth=\dimen197
\cmidrulewidth=\dimen198
\belowrulesep=\dimen199
\belowbottomsep=\dimen256
\aboverulesep=\dimen257
\abovetopsep=\dimen258
\cmidrulesep=\dimen259
\cmidrulekern=\dimen260
\defaultaddspace=\dimen261
\@cmidla=\count311
\@cmidlb=\count312
\@aboverulesep=\dimen262
\@belowrulesep=\dimen263
\@thisruleclass=\count313
\@lastruleclass=\count314
\@thisrulewidth=\dimen264
)
(c:/texlive/2025/texmf-dist/tex/latex/algorithmicx/algpseudocode.sty
Package: algpseudocode 

(c:/texlive/2025/texmf-dist/tex/latex/base/ifthen.sty
Package: ifthen 2024/03/16 v1.1e Standard LaTeX ifthen package (DPC)
)
(c:/texlive/2025/texmf-dist/tex/latex/algorithmicx/algorithmicx.sty
Package: algorithmicx 2005/04/27 v1.2 Algorithmicx

Document Style algorithmicx 1.2 - a greatly improved `algorithmic' style
\c@ALG@line=\count315
\c@ALG@rem=\count316
\c@ALG@nested=\count317
\ALG@tlm=\skip63
\ALG@thistlm=\skip64
\c@ALG@Lnr=\count318
\c@ALG@blocknr=\count319
\c@ALG@storecount=\count320
\c@ALG@tmpcounter=\count321
\ALG@tmplength=\skip65
)
Document Style - pseudocode environments for use with the `algorithmicx' style
) (c:/texlive/2025/texmf-dist/tex/latex/algorithms/algorithm.sty
Package: algorithm 2009/08/24 v0.1 Document Style `algorithm' - floating enviro
nment

(c:/texlive/2025/texmf-dist/tex/latex/float/float.sty
Package: float 2001/11/08 v1.3d Float enhancements (AL)
\c@float@type=\count322
\float@exts=\toks28
\float@box=\box59
\@float@everytoks=\toks29
\@floatcapt=\box60
)
\@float@every@algorithm=\toks30
\c@algorithm=\count323
)
(c:/texlive/2025/texmf-dist/tex/latex/xcolor/xcolor.sty
Package: xcolor 2024/09/29 v3.02 LaTeX color extensions (UK)

(c:/texlive/2025/texmf-dist/tex/latex/graphics-cfg/color.cfg
File: color.cfg 2016/01/02 v1.6 sample color configuration
)
Package xcolor Info: Driver file: pdftex.def on input line 274.

(c:/texlive/2025/texmf-dist/tex/latex/graphics/mathcolor.ltx)
Package xcolor Info: Model `cmy' substituted by `cmy0' on input line 1349.
Package xcolor Info: Model `hsb' substituted by `rgb' on input line 1353.
Package xcolor Info: Model `RGB' extended on input line 1365.
Package xcolor Info: Model `HTML' substituted by `rgb' on input line 1367.
Package xcolor Info: Model `Hsb' substituted by `hsb' on input line 1368.
Package xcolor Info: Model `tHsb' substituted by `hsb' on input line 1369.
Package xcolor Info: Model `HSB' substituted by `hsb' on input line 1370.
Package xcolor Info: Model `Gray' substituted by `gray' on input line 1371.
Package xcolor Info: Model `wave' substituted by `hsb' on input line 1372.
)
(c:/texlive/2025/texmf-dist/tex/latex/siunitx/siunitx.sty
Package: siunitx 2025-02-27 v3.4.6 A comprehensive (SI) units package
\l__siunitx_number_uncert_offset_int=\count324
\l__siunitx_number_exponent_fixed_int=\count325
\l__siunitx_number_min_decimal_int=\count326
\l__siunitx_number_min_integer_int=\count327
\l__siunitx_number_round_precision_int=\count328
\l__siunitx_number_lower_threshold_int=\count329
\l__siunitx_number_upper_threshold_int=\count330
\l__siunitx_number_group_first_int=\count331
\l__siunitx_number_group_size_int=\count332
\l__siunitx_number_group_minimum_int=\count333
\l__siunitx_angle_tmp_dim=\dimen265
\l__siunitx_angle_marker_box=\box61
\l__siunitx_angle_unit_box=\box62
\l__siunitx_compound_count_int=\count334

(c:/texlive/2025/texmf-dist/tex/latex/translations/translations.sty
Package: translations 2022/02/05 v1.12 internationalization of LaTeX2e packages
 (CN)
)
\l__siunitx_table_tmp_box=\box63
\l__siunitx_table_tmp_dim=\dimen266
\l__siunitx_table_column_width_dim=\dimen267
\l__siunitx_table_integer_box=\box64
\l__siunitx_table_decimal_box=\box65
\l__siunitx_table_uncert_box=\box66
\l__siunitx_table_before_box=\box67
\l__siunitx_table_after_box=\box68
\l__siunitx_table_before_dim=\dimen268
\l__siunitx_table_carry_dim=\dimen269
\l__siunitx_unit_tmp_int=\count335
\l__siunitx_unit_position_int=\count336
\l__siunitx_unit_total_int=\count337
)
(c:/texlive/2025/texmf-dist/tex/latex/amsfonts/amssymb.sty
Package: amssymb 2013/01/14 v3.01 AMS font symbols
)
Package translations Info: No language package found. I am going to use `englis
h' as default language. on input line 39.

(c:/texlive/2025/texmf-dist/tex/latex/l3backend/l3backend-pdftex.def
File: l3backend-pdftex.def 2024-05-08 L3 backend support: PDF output (pdfTeX)
\l__color_backend_stack_int=\count338
\l__pdf_internal_box=\box69
)
(D:/Paper/AGC-Receiver/out/paper.aux)
\openout1 = `paper.aux'.

LaTeX Font Info:    Checking defaults for OML/cmm/m/it on input line 39.
LaTeX Font Info:    ... okay on input line 39.
LaTeX Font Info:    Checking defaults for OMS/cmsy/m/n on input line 39.
LaTeX Font Info:    ... okay on input line 39.
LaTeX Font Info:    Checking defaults for OT1/cmr/m/n on input line 39.
LaTeX Font Info:    ... okay on input line 39.
LaTeX Font Info:    Checking defaults for T1/cmr/m/n on input line 39.
LaTeX Font Info:    ... okay on input line 39.
LaTeX Font Info:    Checking defaults for TS1/cmr/m/n on input line 39.
LaTeX Font Info:    ... okay on input line 39.
LaTeX Font Info:    Checking defaults for OMX/cmex/m/n on input line 39.
LaTeX Font Info:    ... okay on input line 39.
LaTeX Font Info:    Checking defaults for U/cmr/m/n on input line 39.
LaTeX Font Info:    ... okay on input line 39.
LaTeX Font Info:    Checking defaults for PD1/pdf/m/n on input line 39.
LaTeX Font Info:    ... okay on input line 39.
LaTeX Font Info:    Checking defaults for PU/pdf/m/n on input line 39.
LaTeX Font Info:    ... okay on input line 39.

-- Lines per column: 58 (exact).
Package caption Info: Begin \AtBeginDocument code.
Package caption Info: subfig package v1.3 is loaded.
Package caption Info: End \AtBeginDocument code.
(c:/texlive/2025/texmf-dist/tex/context/base/mkii/supp-pdf.mkii
[Loading MPS to PDF converter (version 2006.09.02).]
\scratchcounter=\count339
\scratchdimen=\dimen270
\scratchbox=\box70
\nofMPsegments=\count340
\nofMParguments=\count341
\everyMPshowfont=\toks31
\MPscratchCnt=\count342
\MPscratchDim=\dimen271
\MPnumerator=\count343
\makeMPintoPDFobject=\count344
\everyMPtoPDFconversion=\toks32
) (c:/texlive/2025/texmf-dist/tex/latex/epstopdf-pkg/epstopdf-base.sty
Package: epstopdf-base 2020-01-24 v2.11 Base part for package epstopdf
Package epstopdf-base Info: Redefining graphics rule for `.eps' on input line 4
85.

(c:/texlive/2025/texmf-dist/tex/latex/latexconfig/epstopdf-sys.cfg
File: epstopdf-sys.cfg 2010/07/13 v1.3 Configuration of (r)epstopdf for TeX Liv
e
))
Package hyperref Info: Link coloring ON on input line 39.

(D:/Paper/AGC-Receiver/out/paper.out) (D:/Paper/AGC-Receiver/out/paper.out)
\@outlinefile=\write3
\openout3 = `paper.out'.


(c:/texlive/2025/texmf-dist/tex/latex/translations/translations-basic-dictionar
y-english.trsl
File: translations-basic-dictionary-english.trsl (english translation file `tra
nslations-basic-dictionary')
)
Package translations Info: loading dictionary `translations-basic-dictionary' f
or `english'. on input line 39.

Underfull \hbox (badness 1755) in paragraph at lines 66--66
[][][]\OT1/ptm/m/n/8 Li Dong-ming, Yu Xia, Sio Hang Pun, Peng Un Mak and Mang
 []


Underfull \hbox (badness 3792) in paragraph at lines 66--66
\OT1/ptm/m/n/8 I Vai are with the State Key Lab-o-ra-tory of Ana-log and Mixed-

 []


Underfull \hbox (badness 4429) in paragraph at lines 66--66
\OT1/ptm/m/n/8 Signal VLSI, Uni-ver-sity of Macau, Taipa, MO 999078 China (e-
 []


./paper.tex:76: LaTeX Error: Unicode character ， (U+FF0C)
               not set up for use with LaTeX.

See the LaTeX manual or LaTeX Companion for explanation.
Type  H <return>  for immediate help.
 ...                                              
                                                  
l.76 ...),two-degree-of-freedom control (2-DOF)，
                                                   Automatic Gain Control (A...

You may provide a definition with
\DeclareUnicodeCharacter 



<Figure/cycle.png, id=121, 545.6385pt x 266.79675pt>
File: Figure/cycle.png Graphic file (type png)
<use Figure/cycle.png>
Package pdftex.def Info: Figure/cycle.png  used on input line 96.
(pdftex.def)             Requested size: 241.84842pt x 118.25397pt.


[1{c:/texlive/2025/texmf-var/fonts/map/pdftex/updmap/pdftex.map}{c:/texlive/202
5/texmf-dist/fonts/enc/dvips/base/8r.enc}


]

<Figure/AVB.png, id=157, 573.342pt x 274.02374pt>
File: Figure/AVB.png Graphic file (type png)
<use Figure/AVB.png>
Package pdftex.def Info: Figure/AVB.png  used on input line 120.
(pdftex.def)             Requested size: 236.15796pt x 112.86893pt.
LaTeX Font Info:    Trying to load font information for U+msa on input line 135
.
(c:/texlive/2025/texmf-dist/tex/latex/amsfonts/umsa.fd
File: umsa.fd 2013/01/14 v3.01 AMS symbols A
)
LaTeX Font Info:    Trying to load font information for U+msb on input line 135
.

(c:/texlive/2025/texmf-dist/tex/latex/amsfonts/umsb.fd
File: umsb.fd 2013/01/14 v3.01 AMS symbols B
)

[2
pdfTeX warning (ext4): destination with the same identifier (name{figure.1}) ha
s been already used, duplicate ignored
<argument> ...shipout:D \box_use:N \l_shipout_box 
                                                  \__shipout_drop_firstpage_...
l.138 
      
pdfTeX warning (ext4): destination with the same identifier (name{figure.2}) ha
s been already used, duplicate ignored
<argument> ...shipout:D \box_use:N \l_shipout_box 
                                                  \__shipout_drop_firstpage_...
l.138 
       <./Figure/cycle.png> <./Figure/AVB.png>]

<Figure/framework.pdf, id=182, 421.9514pt x 141.15234pt>
File: Figure/framework.pdf Graphic file (type pdf)
<use Figure/framework.pdf>
Package pdftex.def Info: Figure/framework.pdf  used on input line 174.
(pdftex.def)             Requested size: 236.15796pt x 79.00168pt.
Package hyperref Info: bookmark level for unknown algorithm defaults to 0 on in
put line 184.


[3
pdfTeX warning (ext4): destination with the same identifier (name{figure.3}) ha
s been already used, duplicate ignored
<argument> ...shipout:D \box_use:N \l_shipout_box 
                                                  \__shipout_drop_firstpage_...
l.233 \begin{equation}
                       <./Figure/framework.pdf>]
Underfull \hbox (badness 1596) in paragraph at lines 242--243
[]\OT1/ptm/m/n/10 The sys-tem's open-loop trans-fer func-tion is $\OML/cmm/m/it
/10 L\OT1/cmr/m/n/10 (\OML/cmm/m/it/10 z\OT1/cmr/m/n/10 ) =
 []





[4]
<Figure/measure_setup.png, id=238, 277.63725pt x 294.50024pt>
File: Figure/measure_setup.png Graphic file (type png)
<use Figure/measure_setup.png>
Package pdftex.def Info: Figure/measure_setup.png  used on input line 305.
(pdftex.def)             Requested size: 226.79846pt x 240.57953pt.

Overfull \hbox (5.90225pt too wide) in paragraph at lines 314--326
 [][] 
 []

LaTeX Font Info:    Trying to load font information for TS1+ptm on input line 3
28.
(c:/texlive/2025/texmf-dist/tex/latex/psnfss/ts1ptm.fd
File: ts1ptm.fd 2001/06/04 font definitions for TS1/ptm.
)



[5
pdfTeX warning (ext4): destination with the same identifier (name{figure.4}) ha
s been already used, duplicate ignored
<argument> ...shipout:D \box_use:N \l_shipout_box 
                                                  \__shipout_drop_firstpage_...
l.341 
      
pdfTeX warning (ext4): destination with the same identifier (name{table.1}) has
 been already used, duplicate ignored
<argument> ...shipout:D \box_use:N \l_shipout_box 
                                                  \__shipout_drop_firstpage_...
l.341 
       <./Figure/measure_setup.png>]
<Figure/Nor_Vol.png, id=263, 284.5029pt x 214.8828pt>
File: Figure/Nor_Vol.png Graphic file (type png)
<use Figure/Nor_Vol.png>
Package pdftex.def Info: Figure/Nor_Vol.png  used on input line 349.
(pdftex.def)             Requested size: 226.79846pt x 171.29987pt.
<Figure/AVB_Vol.png, id=264, 286.55055pt x 190.7928pt>
File: Figure/AVB_Vol.png Graphic file (type png)
<use Figure/AVB_Vol.png>
Package pdftex.def Info: Figure/AVB_Vol.png  used on input line 356.
(pdftex.def)             Requested size: 226.79846pt x 151.00703pt.
<Figure/Mea_BER.png, id=265, 1770.615pt x 3165.8275pt>
File: Figure/Mea_BER.png Graphic file (type png)
<use Figure/Mea_BER.png>
Package pdftex.def Info: Figure/Mea_BER.png  used on input line 366.
(pdftex.def)             Requested size: 239.39923pt x 427.99626pt.




[6
pdfTeX warning (ext4): destination with the same identifier (name{figure.5}) ha
s been already used, duplicate ignored
<argument> ...shipout:D \box_use:N \l_shipout_box 
                                                  \__shipout_drop_firstpage_...
l.384 
      
pdfTeX warning (ext4): destination with the same identifier (name{figure.6}) ha
s been already used, duplicate ignored
<argument> ...shipout:D \box_use:N \l_shipout_box 
                                                  \__shipout_drop_firstpage_...
l.384 
      
pdfTeX warning (ext4): destination with the same identifier (name{figure.7}) ha
s been already used, duplicate ignored
<argument> ...shipout:D \box_use:N \l_shipout_box 
                                                  \__shipout_drop_firstpage_...
l.384 
       <./Figure/Nor_Vol.png> <./Figure/AVB_Vol.png> <./Figure/Mea_BER.png>]
<Figure/signal_heart.png, id=279, 269.44666pt x 208.98074pt>
File: Figure/signal_heart.png Graphic file (type png)
<use Figure/signal_heart.png>
Package pdftex.def Info: Figure/signal_heart.png  used on input line 394.
(pdftex.def)             Requested size: 226.79846pt x 175.90614pt.


<Figure/agc.pdf, id=285, 264.50583pt x 463.67513pt>
File: Figure/agc.pdf Graphic file (type pdf)
<use Figure/agc.pdf>
Package pdftex.def Info: Figure/agc.pdf  used on input line 409.
(pdftex.def)             Requested size: 226.79846pt x 397.57835pt.


[7
pdfTeX warning (ext4): destination with the same identifier (name{figure.8}) ha
s been already used, duplicate ignored
<argument> ...shipout:D \box_use:N \l_shipout_box 
                                                  \__shipout_drop_firstpage_...
l.419 
      
pdfTeX warning (ext4): destination with the same identifier (name{figure.9}) ha
s been already used, duplicate ignored
<argument> ...shipout:D \box_use:N \l_shipout_box 
                                                  \__shipout_drop_firstpage_...
l.419 
       <./Figure/signal_heart.png> <./Figure/agc.pdf>]
Underfull \hbox (badness 2460) in paragraph at lines 423--424
[]\OT1/ptm/m/n/10 The sta-tis-ti-cal re-sults for set-tling time, pre-sented in

 []

<Figure/step.pdf, id=344, 494.44725pt x 257.16077pt>
File: Figure/step.pdf Graphic file (type pdf)
<use Figure/step.pdf>
Package pdftex.def Info: Figure/step.pdf  used on input line 429.
(pdftex.def)             Requested size: 256.0748pt x 133.18285pt.

Overfull \hbox (4.0748pt too wide) in paragraph at lines 429--430
 [][] 
 []

<Figure/R2_step_bar.pdf, id=345, 284.52756pt x 128.0374pt>
File: Figure/R2_step_bar.pdf Graphic file (type pdf)
<use Figure/R2_step_bar.pdf>
Package pdftex.def Info: Figure/R2_step_bar.pdf  used on input line 438.
(pdftex.def)             Requested size: 241.84842pt x 108.83423pt.


<Figure/ook.png, id=348, 261.1356pt x 300.1614pt>
File: Figure/ook.png Graphic file (type png)
<use Figure/ook.png>
Package pdftex.def Info: Figure/ook.png  used on input line 457.
(pdftex.def)             Requested size: 201.60077pt x 231.73413pt.
<Figure/ber.pdf, id=349, 284.52756pt x 170.71654pt>
File: Figure/ber.pdf Graphic file (type pdf)
<use Figure/ber.pdf>
Package pdftex.def Info: Figure/ber.pdf  used on input line 465.
(pdftex.def)             Requested size: 239.39923pt x 143.64316pt.
./paper.tex:495: Missing $ inserted.
<inserted text> 
                $
l.495 \end{tabularx}
                    
I've inserted a begin-math/end-math symbol since I think
you left one out. Proceed, with fingers crossed.

./paper.tex:495: Missing $ inserted.
<inserted text> 
                $
l.495 \end{tabularx}
                    
I've inserted a begin-math/end-math symbol since I think
you left one out. Proceed, with fingers crossed.

./paper.tex:495: Missing $ inserted.
<inserted text> 
                $
l.495 \end{tabularx}
                    
I've inserted a begin-math/end-math symbol since I think
you left one out. Proceed, with fingers crossed.

./paper.tex:495: Missing $ inserted.
<inserted text> 
                $
l.495 \end{tabularx}
                    
I've inserted a begin-math/end-math symbol since I think
you left one out. Proceed, with fingers crossed.

./paper.tex:495: Missing $ inserted.
<inserted text> 
                $
l.495 \end{tabularx}
                    
I've inserted a begin-math/end-math symbol since I think
you left one out. Proceed, with fingers crossed.

./paper.tex:495: Missing $ inserted.
<inserted text> 
                $
l.495 \end{tabularx}
                    
I've inserted a begin-math/end-math symbol since I think
you left one out. Proceed, with fingers crossed.

./paper.tex:495: Missing $ inserted.
<inserted text> 
                $
l.495 \end{tabularx}
                    
I've inserted a begin-math/end-math symbol since I think
you left one out. Proceed, with fingers crossed.

./paper.tex:495: Missing $ inserted.
<inserted text> 
                $
l.495 \end{tabularx}
                    
I've inserted a begin-math/end-math symbol since I think
you left one out. Proceed, with fingers crossed.

./paper.tex:495: Missing $ inserted.
<inserted text> 
                $
l.495 \end{tabularx}
                    
I've inserted a begin-math/end-math symbol since I think
you left one out. Proceed, with fingers crossed.

./paper.tex:495: Missing $ inserted.
<inserted text> 
                $
l.495 \end{tabularx}
                    
I've inserted a begin-math/end-math symbol since I think
you left one out. Proceed, with fingers crossed.

./paper.tex:495: Missing $ inserted.
<inserted text> 
                $
l.495 \end{tabularx}
                    
I've inserted a begin-math/end-math symbol since I think
you left one out. Proceed, with fingers crossed.

./paper.tex:495: Missing $ inserted.
<inserted text> 
                $
l.495 \end{tabularx}
                    
I've inserted a begin-math/end-math symbol since I think
you left one out. Proceed, with fingers crossed.

./paper.tex:495: Missing $ inserted.
<inserted text> 
                $
l.495 \end{tabularx}
                    
I've inserted a begin-math/end-math symbol since I think
you left one out. Proceed, with fingers crossed.

./paper.tex:495: Missing $ inserted.
<inserted text> 
                $
l.495 \end{tabularx}
                    
I've inserted a begin-math/end-math symbol since I think
you left one out. Proceed, with fingers crossed.

./paper.tex:495: Missing $ inserted.
<inserted text> 
                $
l.495 \end{tabularx}
                    
I've inserted a begin-math/end-math symbol since I think
you left one out. Proceed, with fingers crossed.

./paper.tex:495: Missing $ inserted.
<inserted text> 
                $
l.495 \end{tabularx}
                    
I've inserted a begin-math/end-math symbol since I think
you left one out. Proceed, with fingers crossed.

./paper.tex:495: Missing $ inserted.
<inserted text> 
                $
l.495 \end{tabularx}
                    
I've inserted a begin-math/end-math symbol since I think
you left one out. Proceed, with fingers crossed.

./paper.tex:495: Missing $ inserted.
<inserted text> 
                $
l.495 \end{tabularx}
                    
I've inserted a begin-math/end-math symbol since I think
you left one out. Proceed, with fingers crossed.

./paper.tex:495: Missing $ inserted.
<inserted text> 
                $
l.495 \end{tabularx}
                    
I've inserted a begin-math/end-math symbol since I think
you left one out. Proceed, with fingers crossed.

./paper.tex:495: Missing $ inserted.
<inserted text> 
                $
l.495 \end{tabularx}
                    
I've inserted a begin-math/end-math symbol since I think
you left one out. Proceed, with fingers crossed.

./paper.tex:495: Missing $ inserted.
<inserted text> 
                $
l.495 \end{tabularx}
                    
I've inserted a begin-math/end-math symbol since I think
you left one out. Proceed, with fingers crossed.

./paper.tex:495: Missing $ inserted.
<inserted text> 
                $
l.495 \end{tabularx}
                    
I've inserted a begin-math/end-math symbol since I think
you left one out. Proceed, with fingers crossed.

./paper.tex:495: Missing $ inserted.
<inserted text> 
                $
l.495 \end{tabularx}
                    
I've inserted a begin-math/end-math symbol since I think
you left one out. Proceed, with fingers crossed.

./paper.tex:495: Missing $ inserted.
<inserted text> 
                $
l.495 \end{tabularx}
                    
I've inserted a begin-math/end-math symbol since I think
you left one out. Proceed, with fingers crossed.

./paper.tex:495: Missing $ inserted.
<inserted text> 
                $
l.495 \end{tabularx}
                    
I've inserted a begin-math/end-math symbol since I think
you left one out. Proceed, with fingers crossed.

./paper.tex:495: Missing $ inserted.
<inserted text> 
                $
l.495 \end{tabularx}
                    
I've inserted a begin-math/end-math symbol since I think
you left one out. Proceed, with fingers crossed.

./paper.tex:495: Missing $ inserted.
<inserted text> 
                $
l.495 \end{tabularx}
                    
I've inserted a begin-math/end-math symbol since I think
you left one out. Proceed, with fingers crossed.

./paper.tex:495: Missing $ inserted.
<inserted text> 
                $
l.495 \end{tabularx}
                    
I've inserted a begin-math/end-math symbol since I think
you left one out. Proceed, with fingers crossed.

./paper.tex:495: Missing $ inserted.
<inserted text> 
                $
l.495 \end{tabularx}
                    
I've inserted a begin-math/end-math symbol since I think
you left one out. Proceed, with fingers crossed.

./paper.tex:495: Missing $ inserted.
<inserted text> 
                $
l.495 \end{tabularx}
                    
I've inserted a begin-math/end-math symbol since I think
you left one out. Proceed, with fingers crossed.

./paper.tex:495: Missing $ inserted.
<inserted text> 
                $
l.495 \end{tabularx}
                    
I've inserted a begin-math/end-math symbol since I think
you left one out. Proceed, with fingers crossed.

./paper.tex:495: Missing $ inserted.
<inserted text> 
                $
l.495 \end{tabularx}
                    
I've inserted a begin-math/end-math symbol since I think
you left one out. Proceed, with fingers crossed.

./paper.tex:495: Missing $ inserted.
<inserted text> 
                $
l.495 \end{tabularx}
                    
I've inserted a begin-math/end-math symbol since I think
you left one out. Proceed, with fingers crossed.

./paper.tex:495: Missing $ inserted.
<inserted text> 
                $
l.495 \end{tabularx}
                    
I've inserted a begin-math/end-math symbol since I think
you left one out. Proceed, with fingers crossed.

./paper.tex:495: Missing $ inserted.
<inserted text> 
                $
l.495 \end{tabularx}
                    
I've inserted a begin-math/end-math symbol since I think
you left one out. Proceed, with fingers crossed.

./paper.tex:495: Missing $ inserted.
<inserted text> 
                $
l.495 \end{tabularx}
                    
I've inserted a begin-math/end-math symbol since I think
you left one out. Proceed, with fingers crossed.

./paper.tex:495: Missing $ inserted.
<inserted text> 
                $
l.495 \end{tabularx}
                    
I've inserted a begin-math/end-math symbol since I think
you left one out. Proceed, with fingers crossed.

./paper.tex:495: Missing $ inserted.
<inserted text> 
                $
l.495 \end{tabularx}
                    
I've inserted a begin-math/end-math symbol since I think
you left one out. Proceed, with fingers crossed.

./paper.tex:495: Missing $ inserted.
<inserted text> 
                $
l.495 \end{tabularx}
                    
I've inserted a begin-math/end-math symbol since I think
you left one out. Proceed, with fingers crossed.

./paper.tex:495: Missing $ inserted.
<inserted text> 
                $
l.495 \end{tabularx}
                    
I've inserted a begin-math/end-math symbol since I think
you left one out. Proceed, with fingers crossed.

./paper.tex:495: Missing $ inserted.
<inserted text> 
                $
l.495 \end{tabularx}
                    
I've inserted a begin-math/end-math symbol since I think
you left one out. Proceed, with fingers crossed.

./paper.tex:495: Missing $ inserted.
<inserted text> 
                $
l.495 \end{tabularx}
                    
I've inserted a begin-math/end-math symbol since I think
you left one out. Proceed, with fingers crossed.

./paper.tex:495: Missing $ inserted.
<inserted text> 
                $
l.495 \end{tabularx}
                    
I've inserted a begin-math/end-math symbol since I think
you left one out. Proceed, with fingers crossed.

./paper.tex:495: Missing $ inserted.
<inserted text> 
                $
l.495 \end{tabularx}
                    
I've inserted a begin-math/end-math symbol since I think
you left one out. Proceed, with fingers crossed.

./paper.tex:495: Missing $ inserted.
<inserted text> 
                $
l.495 \end{tabularx}
                    
I've inserted a begin-math/end-math symbol since I think
you left one out. Proceed, with fingers crossed.

./paper.tex:495: Missing $ inserted.
<inserted text> 
                $
l.495 \end{tabularx}
                    
I've inserted a begin-math/end-math symbol since I think
you left one out. Proceed, with fingers crossed.

./paper.tex:495: Missing $ inserted.
<inserted text> 
                $
l.495 \end{tabularx}
                    
I've inserted a begin-math/end-math symbol since I think
you left one out. Proceed, with fingers crossed.

./paper.tex:495: Missing $ inserted.
<inserted text> 
                $
l.495 \end{tabularx}
                    
I've inserted a begin-math/end-math symbol since I think
you left one out. Proceed, with fingers crossed.

./paper.tex:495: Missing $ inserted.
<inserted text> 
                $
l.495 \end{tabularx}
                    
I've inserted a begin-math/end-math symbol since I think
you left one out. Proceed, with fingers crossed.

./paper.tex:495: Missing $ inserted.
<inserted text> 
                $
l.495 \end{tabularx}
                    
I've inserted a begin-math/end-math symbol since I think
you left one out. Proceed, with fingers crossed.

./paper.tex:495: Missing $ inserted.
<inserted text> 
                $
l.495 \end{tabularx}
                    
I've inserted a begin-math/end-math symbol since I think
you left one out. Proceed, with fingers crossed.

./paper.tex:495: Missing $ inserted.
<inserted text> 
                $
l.495 \end{tabularx}
                    
I've inserted a begin-math/end-math symbol since I think
you left one out. Proceed, with fingers crossed.

./paper.tex:495: Missing $ inserted.
<inserted text> 
                $
l.495 \end{tabularx}
                    
I've inserted a begin-math/end-math symbol since I think
you left one out. Proceed, with fingers crossed.

./paper.tex:495: Missing $ inserted.
<inserted text> 
                $
l.495 \end{tabularx}
                    
I've inserted a begin-math/end-math symbol since I think
you left one out. Proceed, with fingers crossed.

./paper.tex:495: Missing $ inserted.
<inserted text> 
                $
l.495 \end{tabularx}
                    
I've inserted a begin-math/end-math symbol since I think
you left one out. Proceed, with fingers crossed.

./paper.tex:495: Missing $ inserted.
<inserted text> 
                $
l.495 \end{tabularx}
                    
I've inserted a begin-math/end-math symbol since I think
you left one out. Proceed, with fingers crossed.

./paper.tex:495: Missing $ inserted.
<inserted text> 
                $
l.495 \end{tabularx}
                    
I've inserted a begin-math/end-math symbol since I think
you left one out. Proceed, with fingers crossed.

./paper.tex:495: Missing $ inserted.
<inserted text> 
                $
l.495 \end{tabularx}
                    
I've inserted a begin-math/end-math symbol since I think
you left one out. Proceed, with fingers crossed.

./paper.tex:495: Missing $ inserted.
<inserted text> 
                $
l.495 \end{tabularx}
                    
I've inserted a begin-math/end-math symbol since I think
you left one out. Proceed, with fingers crossed.

./paper.tex:495: Missing $ inserted.
<inserted text> 
                $
l.495 \end{tabularx}
                    
I've inserted a begin-math/end-math symbol since I think
you left one out. Proceed, with fingers crossed.

./paper.tex:495: Missing $ inserted.
<inserted text> 
                $
l.495 \end{tabularx}
                    
I've inserted a begin-math/end-math symbol since I think
you left one out. Proceed, with fingers crossed.

./paper.tex:495: Missing $ inserted.
<inserted text> 
                $
l.495 \end{tabularx}
                    
I've inserted a begin-math/end-math symbol since I think
you left one out. Proceed, with fingers crossed.

./paper.tex:495: Missing $ inserted.
<inserted text> 
                $
l.495 \end{tabularx}
                    
I've inserted a begin-math/end-math symbol since I think
you left one out. Proceed, with fingers crossed.

./paper.tex:495: Missing $ inserted.
<inserted text> 
                $
l.495 \end{tabularx}
                    
I've inserted a begin-math/end-math symbol since I think
you left one out. Proceed, with fingers crossed.

./paper.tex:495: Missing $ inserted.
<inserted text> 
                $
l.495 \end{tabularx}
                    
I've inserted a begin-math/end-math symbol since I think
you left one out. Proceed, with fingers crossed.

./paper.tex:495: Missing $ inserted.
<inserted text> 
                $
l.495 \end{tabularx}
                    
I've inserted a begin-math/end-math symbol since I think
you left one out. Proceed, with fingers crossed.

./paper.tex:495: Missing $ inserted.
<inserted text> 
                $
l.495 \end{tabularx}
                    
I've inserted a begin-math/end-math symbol since I think
you left one out. Proceed, with fingers crossed.

./paper.tex:495: Missing $ inserted.
<inserted text> 
                $
l.495 \end{tabularx}
                    
I've inserted a begin-math/end-math symbol since I think
you left one out. Proceed, with fingers crossed.

./paper.tex:495: Missing $ inserted.
<inserted text> 
                $
l.495 \end{tabularx}
                    
I've inserted a begin-math/end-math symbol since I think
you left one out. Proceed, with fingers crossed.

./paper.tex:495: Missing $ inserted.
<inserted text> 
                $
l.495 \end{tabularx}
                    
I've inserted a begin-math/end-math symbol since I think
you left one out. Proceed, with fingers crossed.

./paper.tex:495: Missing $ inserted.
<inserted text> 
                $
l.495 \end{tabularx}
                    
I've inserted a begin-math/end-math symbol since I think
you left one out. Proceed, with fingers crossed.

./paper.tex:495: Missing $ inserted.
<inserted text> 
                $
l.495 \end{tabularx}
                    
I've inserted a begin-math/end-math symbol since I think
you left one out. Proceed, with fingers crossed.



[8
pdfTeX warning (ext4): destination with the same identifier (name{figure.10}) h
as been already used, duplicate ignored
<argument> ...shipout:D \box_use:N \l_shipout_box 
                                                  \__shipout_drop_firstpage_...
l.502 
      
pdfTeX warning (ext4): destination with the same identifier (name{figure.11}) h
as been already used, duplicate ignored
<argument> ...shipout:D \box_use:N \l_shipout_box 
                                                  \__shipout_drop_firstpage_...
l.502 
       <./Figure/step.pdf> <./Figure/R2_step_bar.pdf>]



[9
pdfTeX warning (ext4): destination with the same identifier (name{table.2}) has
 been already used, duplicate ignored
<argument> ...shipout:D \box_use:N \l_shipout_box 
                                                  \__shipout_drop_firstpage_...
l.512 
      
pdfTeX warning (ext4): destination with the same identifier (name{figure.12}) h
as been already used, duplicate ignored
<argument> ...shipout:D \box_use:N \l_shipout_box 
                                                  \__shipout_drop_firstpage_...
l.512 
      
pdfTeX warning (ext4): destination with the same identifier (name{figure.13}) h
as been already used, duplicate ignored
<argument> ...shipout:D \box_use:N \l_shipout_box 
                                                  \__shipout_drop_firstpage_...
l.512 
       <./Figure/ook.png> <./Figure/ber.pdf>]
(D:/Paper/AGC-Receiver/out/paper.bbl
D:/Paper/AGC-Receiver/out/paper.bbl:69: Misplaced alignment tab character &.
l.69   {\em IEEE Transactions on Instrumentation &
                                                   Measurement}, 2010.
I can't figure out why you would want to use a tab mark
here. If you just want an ampersand, the remedy is
simple: Just type `I\&' now. But if some right brace
up above has ended a previous alignment prematurely,
you're probably due for more error messages, and you
might try typing `S' now just to see what is salvageable.



D:/Paper/AGC-Receiver/out/paper.bbl:74: Misplaced alignment tab character &.
l.74   Transactions on Antennas &
                                  Propagation}, vol.~64, no.~7, pp.~2989--3002,
I can't figure out why you would want to use a tab mark
here. If you just want an ampersand, the remedy is
simple: Just type `I\&' now. But if some right brace
up above has ended a previous alignment prematurely,
you're probably due for more error messages, and you
might try typing `S' now just to see what is salvageable.



[10])
<Figure/author/Dongming Li.png, id=507, 61.101pt x 80.811pt>
File: Figure/author/Dongming Li.png Graphic file (type png)
<use Figure/author/Dongming Li.png>
Package pdftex.def Info: Figure/author/Dongming Li.png  used on input line 534.

(pdftex.def)             Requested size: 68.30864pt x 90.34369pt.
File: Figure/author/Dongming Li.png Graphic file (type png)
<use Figure/author/Dongming Li.png>
Package pdftex.def Info: Figure/author/Dongming Li.png  used on input line 534.

(pdftex.def)             Requested size: 68.30864pt x 90.34369pt.
<Figure/author/Yu_Xia.jpg, id=510, 207.27437pt x 257.46187pt>
File: Figure/author/Yu_Xia.jpg Graphic file (type jpg)
<use Figure/author/Yu_Xia.jpg>
Package pdftex.def Info: Figure/author/Yu_Xia.jpg  used on input line 540.
(pdftex.def)             Requested size: 72.26878pt x 89.76729pt.
File: Figure/author/Yu_Xia.jpg Graphic file (type jpg)
<use Figure/author/Yu_Xia.jpg>
Package pdftex.def Info: Figure/author/Yu_Xia.jpg  used on input line 540.
(pdftex.def)             Requested size: 72.26878pt x 89.76729pt.


./paper.tex:540: LaTeX Error: Unicode character ， (U+FF0C)
               not set up for use with LaTeX.

See the LaTeX manual or LaTeX Companion for explanation.
Type  H <return>  for immediate help.
 ...                                              
                                                  
l.540 ...n. His research interests include ASIC，
                                                  Low noise amplifier, neura...

You may provide a definition with
\DeclareUnicodeCharacter 

<Figure/author/Han Wang.png, id=513, 54.2025pt x 72.5985pt>
File: Figure/author/Han Wang.png Graphic file (type png)
<use Figure/author/Han Wang.png>
Package pdftex.def Info: Figure/author/Han Wang.png  used on input line 546.
(pdftex.def)             Requested size: 67.45024pt x 90.34244pt.
File: Figure/author/Han Wang.png Graphic file (type png)
<use Figure/author/Han Wang.png>
Package pdftex.def Info: Figure/author/Han Wang.png  used on input line 546.
(pdftex.def)             Requested size: 67.45024pt x 90.34244pt.


<Figure/author/Sio Hang Pun.png, id=516, 76.5405pt x 85.41pt>
File: Figure/author/Sio Hang Pun.png Graphic file (type png)
<use Figure/author/Sio Hang Pun.png>
Package pdftex.def Info: Figure/author/Sio Hang Pun.png  used on input line 554
.
(pdftex.def)             Requested size: 72.2704pt x 80.64508pt.
File: Figure/author/Sio Hang Pun.png Graphic file (type png)
<use Figure/author/Sio Hang Pun.png>
Package pdftex.def Info: Figure/author/Sio Hang Pun.png  used on input line 554
.
(pdftex.def)             Requested size: 72.2704pt x 80.64508pt.
<Figure/author/Yueming Gao.png, id=519, 106.9596pt x 145.9854pt>
File: Figure/author/Yueming Gao.png Graphic file (type png)
<use Figure/author/Yueming Gao.png>
Package pdftex.def Info: Figure/author/Yueming Gao.png  used on input line 559.

(pdftex.def)             Requested size: 66.18695pt x 90.33624pt.
File: Figure/author/Yueming Gao.png Graphic file (type png)
<use Figure/author/Yueming Gao.png>
Package pdftex.def Info: Figure/author/Yueming Gao.png  used on input line 559.

(pdftex.def)             Requested size: 66.18695pt x 90.33624pt.
<Figure/author/Wangbin Ding.jpg, id=522, 1284.8pt x 1755.55875pt>
File: Figure/author/Wangbin Ding.jpg Graphic file (type jpg)
<use Figure/author/Wangbin Ding.jpg>
Package pdftex.def Info: Figure/author/Wangbin Ding.jpg  used on input line 569
.
(pdftex.def)             Requested size: 66.10619pt x 90.3279pt.
File: Figure/author/Wangbin Ding.jpg Graphic file (type jpg)
<use Figure/author/Wangbin Ding.jpg>
Package pdftex.def Info: Figure/author/Wangbin Ding.jpg  used on input line 569
.
(pdftex.def)             Requested size: 66.10619pt x 90.3279pt.
<Figure/author/liuyu.png, id=525, 208.52907pt x 264.23718pt>
File: Figure/author/liuyu.png Graphic file (type png)
<use Figure/author/liuyu.png>
Package pdftex.def Info: Figure/author/liuyu.png  used on input line 578.
(pdftex.def)             Requested size: 71.29031pt x 90.33537pt.
File: Figure/author/liuyu.png Graphic file (type png)
<use Figure/author/liuyu.png>
Package pdftex.def Info: Figure/author/liuyu.png  used on input line 578.
(pdftex.def)             Requested size: 71.29031pt x 90.33537pt.


[11 <./Figure/author/Dongming Li.png (PNG copy)> <./Figure/author/Yu_Xia.jpg> <
./Figure/author/Han Wang.png (PNG copy)> <./Figure/author/Sio Hang Pun.png (PNG
 copy)> <./Figure/author/Yueming Gao.png> <./Figure/author/Wangbin Ding.jpg> <.
/Figure/author/liuyu.png>]
<Figure/author/Hung Chun Li.png, id=542, 216.81pt x 267.24844pt>
File: Figure/author/Hung Chun Li.png Graphic file (type png)
<use Figure/author/Hung Chun Li.png>
Package pdftex.def Info: Figure/author/Hung Chun Li.png  used on input line 589
.
(pdftex.def)             Requested size: 72.2687pt x 89.08122pt.
File: Figure/author/Hung Chun Li.png Graphic file (type png)
<use Figure/author/Hung Chun Li.png>
Package pdftex.def Info: Figure/author/Hung Chun Li.png  used on input line 589
.
(pdftex.def)             Requested size: 72.2687pt x 89.08122pt.

Underfull \hbox (badness 3826) in paragraph at lines 589--593
[]\OT1/ptm/b/n/8 Hung-Chun Li \OT1/ptm/m/n/8 re-ceived the Mas-ter of Sci-
 []


Underfull \hbox (badness 2096) in paragraph at lines 589--593
\OT1/ptm/m/n/8 Na-tional Tai-wan Uni-ver-sity, Taipei, Tai-wan, in
 []

<Figure/author/anguo zhang.png, id=545, 130.98938pt x 160.34906pt>
File: Figure/author/anguo zhang.png Graphic file (type png)
<use Figure/author/anguo zhang.png>
Package pdftex.def Info: Figure/author/anguo zhang.png  used on input line 598.

(pdftex.def)             Requested size: 72.27222pt x 88.47118pt.
File: Figure/author/anguo zhang.png Graphic file (type png)
<use Figure/author/anguo zhang.png>
Package pdftex.def Info: Figure/author/anguo zhang.png  used on input line 598.

(pdftex.def)             Requested size: 72.27222pt x 88.47118pt.

Underfull \hbox (badness 1622) in paragraph at lines 598--603
[]\OT1/ptm/b/n/8 Anguo Zhang \OT1/ptm/m/n/8 (Se-nior Mem-ber, IEEE) An-guo
 []

<Figure/author/Peng Un Mak.png, id=548, 591.71063pt x 708.39656pt>
File: Figure/author/Peng Un Mak.png Graphic file (type png)
<use Figure/author/Peng Un Mak.png>
Package pdftex.def Info: Figure/author/Peng Un Mak.png  used on input line 607.

(pdftex.def)             Requested size: 72.26624pt x 86.51721pt.
File: Figure/author/Peng Un Mak.png Graphic file (type png)
<use Figure/author/Peng Un Mak.png>
Package pdftex.def Info: Figure/author/Peng Un Mak.png  used on input line 607.

(pdftex.def)             Requested size: 72.26624pt x 86.51721pt.
<Figure/author/Mang I Vai.png, id=551, 66.357pt x 81.7965pt>
File: Figure/author/Mang I Vai.png Graphic file (type png)
<use Figure/author/Mang I Vai.png>
Package pdftex.def Info: Figure/author/Mang I Vai.png  used on input line 620.
(pdftex.def)             Requested size: 72.27501pt x 89.09149pt.
File: Figure/author/Mang I Vai.png Graphic file (type png)
<use Figure/author/Mang I Vai.png>
Package pdftex.def Info: Figure/author/Mang I Vai.png  used on input line 620.
(pdftex.def)             Requested size: 72.27501pt x 89.09149pt.




[12

 <./Figure/author/Hung Chun Li.png> <./Figure/author/Anguo Zhang.png> <./Figure
/author/Peng Un Mak.png> <./Figure/author/Mang I Vai.png (PNG copy)>]
(D:/Paper/AGC-Receiver/out/paper.aux)
 ***********
LaTeX2e <2024-11-01> patch level 2
L3 programming layer <2025-01-18>
 ***********
Package rerunfilecheck Info: File `paper.out' has not changed.
(rerunfilecheck)             Checksum: 1F4D7465D0B83B3BC993B958706999FA;5362.
 ) 
Here is how much of TeX's memory you used:
 17443 strings out of 473190
 339405 string characters out of 5719979
 723962 words of memory out of 5000000
 40377 multiletter control sequences out of 15000+600000
 608094 words of font info for 125 fonts, out of 8000000 for 9000
 1145 hyphenation exceptions out of 8191
 75i,14n,79p,1510b,1158s stack positions out of 10000i,1000n,20000p,200000b,200000s
<c:/texlive/2025/texmf-dist/fonts/type1/public/amsfonts/cm/cmex10.pfb><c:/tex
live/2025/texmf-dist/fonts/type1/public/amsfonts/cm/cmmi10.pfb><c:/texlive/2025
/texmf-dist/fonts/type1/public/amsfonts/cm/cmmi5.pfb><c:/texlive/2025/texmf-dis
t/fonts/type1/public/amsfonts/cm/cmmi6.pfb><c:/texlive/2025/texmf-dist/fonts/ty
pe1/public/amsfonts/cm/cmmi7.pfb><c:/texlive/2025/texmf-dist/fonts/type1/public
/amsfonts/cm/cmmi8.pfb><c:/texlive/2025/texmf-dist/fonts/type1/public/amsfonts/
cm/cmmi9.pfb><c:/texlive/2025/texmf-dist/fonts/type1/public/amsfonts/cm/cmr10.p
fb><c:/texlive/2025/texmf-dist/fonts/type1/public/amsfonts/cm/cmr6.pfb><c:/texl
ive/2025/texmf-dist/fonts/type1/public/amsfonts/cm/cmr7.pfb><c:/texlive/2025/te
xmf-dist/fonts/type1/public/amsfonts/cm/cmr9.pfb><c:/texlive/2025/texmf-dist/fo
nts/type1/public/amsfonts/cm/cmsy10.pfb><c:/texlive/2025/texmf-dist/fonts/type1
/public/amsfonts/cm/cmsy7.pfb><c:/texlive/2025/texmf-dist/fonts/type1/public/am
sfonts/cm/cmsy8.pfb><c:/texlive/2025/texmf-dist/fonts/type1/public/amsfonts/cm/
cmsy9.pfb><c:/texlive/2025/texmf-dist/fonts/type1/public/amsfonts/symbols/msam1
0.pfb><c:/texlive/2025/texmf-dist/fonts/type1/urw/times/utmb8a.pfb><c:/texlive/
2025/texmf-dist/fonts/type1/urw/times/utmbi8a.pfb><c:/texlive/2025/texmf-dist/f
onts/type1/urw/times/utmr8a.pfb><c:/texlive/2025/texmf-dist/fonts/type1/urw/tim
es/utmri8a.pfb>
Output written on D:/Paper/AGC-Receiver/out/paper.pdf (12 pages, 9209951 bytes)
.
PDF statistics:
 675 PDF objects out of 1000 (max. 8388607)
 419 compressed objects within 5 object streams
 108 named destinations out of 1000 (max. 500000)
 469 words of extra memory for PDF output out of 10000 (max. 10000000)

